<?xml version="1.0" encoding="UTF-8"?>
<!-- Generated by org.testng.reporters.JUnitXMLReporter -->
<testsuite ignored="1" hostname="DESKTOP-180JRP7" failures="0" tests="33" name="Test" time="154.154" errors="0" timestamp="2023-02-14T21:49:17 IST">
  <testcase classname="com.test.HomePageTestCases" name="URL" time="0.357"/>
  <testcase classname="com.test.HomePageTestCases" name="signUp" time="2.806"/>
  <testcase classname="com.test.HomePageTestCases" name="signUp" time="2.243"/>
  <testcase classname="com.test.HomePageTestCases" name="signUp" time="2.717"/>
  <testcase classname="com.test.HomePageTestCases" name="signUp" time="3.252"/>
  <testcase classname="com.test.HomePageTestCases" name="signUp" time="3.397"/>
  <testcase classname="com.test.HomePageTestCases" name="signUp" time="3.422"/>
  <testcase classname="com.test.HomePageTestCases" name="signUp" time="2.302"/>
  <testcase classname="com.test.HomePageTestCases" name="signUpWithoutPassword" time="1.416"/>
  <testcase classname="com.test.HomePageTestCases" name="signUpWithoutUserName" time="1.334"/>
  <testcase classname="com.test.HomePageTestCases" name="loginWithDiffUserNameAndPassword" time="7.055"/>
  <testcase classname="com.test.HomePageTestCases" name="loginWithDiffUserNameAndPassword" time="4.971"/>
  <testcase classname="com.test.HomePageTestCases" name="loginWithDiffUserNameAndPassword" time="7.608"/>
  <testcase classname="com.test.HomePageTestCases" name="loginWithDiffUserNameAndPassword" time="4.793"/>
  <testcase classname="com.test.HomePageTestCases" name="loginWithDiffUserNameAndPassword" time="7.447"/>
  <testcase classname="com.test.HomePageTestCases" name="loginWithDiffUserNameAndPassword" time="4.825"/>
  <testcase classname="com.test.HomePageTestCases" name="loginWithDiffUserNameAndPassword" time="6.985"/>
  <testcase classname="com.test.HomePageTestCases" name="loginWithValidUserNameInvalidPassword" time="2.396"/>
  <testcase classname="com.test.HomePageTestCases" name="loginWithInvldUserNameAndValidPassword" time="2.507"/>
  <testcase classname="com.test.HomePageTestCases" name="loginWithInvldUserNameAndInvalidPassword" time="1.724"/>
  <testcase classname="com.test.HomePageTestCases" name="selectingTheCatagories" time="14.164"/>
  <testcase classname="com.test.HomePageTestCases" name="sendMessageWithAllDetails" time="1.773"/>
  <testcase classname="com.test.HomePageTestCases" name="sendMessageWithAllDetails" time="8.928"/>
  <testcase classname="com.test.HomePageTestCases" name="aboutPageAccess" time="2.202"/>
  <testcase classname="com.test.HomePageTestCases" name="aboutAsVideoPlayButton" time="0.312"/>
  <testcase classname="com.test.HomePageTestCases" name="aboutAsVideoPouseButton" time="0.282"/>
  <testcase classname="com.test.HomePageTestCases" name="aboutAsVideoFullScreen" time="0.647"/>
  <testcase classname="com.test.HomePageTestCases" name="cartFunctionality" time="4.36"/>
  <testcase classname="com.test.HomePageTestCases" name="addToCartFuntionlity" time="7.928"/>
  <testcase classname="com.test.HomePageTestCases" name="deleteProductFromCart" time="0.121"/>
  <testcase classname="com.test.HomePageTestCases" name="placeTheOrderFunctionality" time="7.3"/>
  <testcase classname="com.test.HomePageTestCases" name="purchaseTheOrderWhitoutFillingPlaceTheOrderForm" time="0.909"/>
  <testcase classname="com.test.HomePageTestCases" name="purchaseTheProductWithUserDetails" time="2.276"/>
  <testcase classname="com.test.HomePageTestCases" name="sampleLogin" time="0.0">
    <ignored/>
  </testcase> <!-- sampleLogin -->
</testsuite> <!-- Test -->
