<?xml version="1.0" encoding="UTF-8"?>
<!-- Generated by org.testng.reporters.JUnitXMLReporter -->
<testsuite ignored="14" hostname="DESKTOP-R8SHTIK" failures="1" tests="10" name="Test" time="45.45" errors="0" timestamp="2023-02-14T17:13:45 IST">
  <testcase classname="com.test.DBTestCases" name="verifyTitle" time="0.216"/>
  <testcase classname="com.test.SignUpTestCases" name="verifySignUpAccess" time="2.192"/>
  <testcase classname="com.test.LogInTestCases" name="clickOnLoginButton" time="1.841"/>
  <testcase classname="com.test.LogInTestCases" name="userNameVerification" time="4.948"/>
  <testcase classname="com.test.ProductTestCases" name="verifyProductAccess" time="2.893"/>
  <testcase classname="com.test.ProductTestCases" name="checkAddToCart" time="1.401"/>
  <testcase classname="com.test.CartTestCases" name="verifyCartAccess" time="11.164"/>
  <testcase classname="com.test.CartTestCases" name="verifyAddedProducts" time="0.243"/>
  <testcase classname="com.test.CartTestCases" name="valiadateTotalProductPrice" time="0.766">
    <failure type="java.lang.NumberFormatException" message="For input string: &amp;quot;&amp;quot;">
      <![CDATA[java.lang.NumberFormatException: For input string: ""
at java.base/java.lang.NumberFormatException.forInputString(NumberFormatException.java:67)
at java.base/java.lang.Integer.parseInt(Integer.java:678)
at java.base/java.lang.Integer.parseInt(Integer.java:786)
at com.page.CartPage.getTotal(CartPage.java:71)
at com.test.CartTestCases.valiadateTotalProductPrice(CartTestCases.java:49)
at java.base/java.util.ArrayList.forEach(ArrayList.java:1511)
... Removed 27 stack frames]]>
    </failure>
  </testcase> <!-- valiadateTotalProductPrice -->
  <testcase classname="com.test.CartTestCases" name="verifyPlacingOrder" time="0.351"/>
  <testcase classname="com.test.SignUpTestCases" name="verifyValidSignUp" time="0.0">
    <ignored/>
  </testcase> <!-- verifyValidSignUp -->
  <testcase classname="com.test.DBTestCases" name="checkAboutUsAccess" time="0.0">
    <ignored/>
  </testcase> <!-- checkAboutUsAccess -->
  <testcase classname="com.test.DBTestCases" name="checkVideoCloseAboutUs" time="0.0">
    <ignored/>
  </testcase> <!-- checkVideoCloseAboutUs -->
  <testcase classname="com.test.SignUpTestCases" name="verifySignUpDataWthBlankUname" time="0.0">
    <ignored/>
  </testcase> <!-- verifySignUpDataWthBlankUname -->
  <testcase classname="com.test.DBTestCases" name="checkContactMsgWthInValidData" time="0.0">
    <ignored/>
  </testcase> <!-- checkContactMsgWthInValidData -->
  <testcase classname="com.test.SignUpTestCases" name="verifyExistingSignUpData" time="0.0">
    <ignored/>
  </testcase> <!-- verifyExistingSignUpData -->
  <testcase classname="com.test.DBTestCases" name="checkContactMsgWthValidData" time="0.0">
    <ignored/>
  </testcase> <!-- checkContactMsgWthValidData -->
  <testcase classname="com.test.DBTestCases" name="checkVideoPlayAboutUs" time="0.0">
    <ignored/>
  </testcase> <!-- checkVideoPlayAboutUs -->
  <testcase classname="com.test.DBTestCases" name="verifyLogo" time="0.0">
    <ignored/>
  </testcase> <!-- verifyLogo -->
  <testcase classname="com.test.DBTestCases" name="checkContactAccess" time="0.0">
    <ignored/>
  </testcase> <!-- checkContactAccess -->
  <testcase classname="com.test.DBTestCases" name="checkVideoFullscreenAboutUs" time="0.0">
    <ignored/>
  </testcase> <!-- checkVideoFullscreenAboutUs -->
  <testcase classname="com.test.SignUpTestCases" name="verifySignUpDataWthBlankPasswd" time="0.0">
    <ignored/>
  </testcase> <!-- verifySignUpDataWthBlankPasswd -->
  <testcase classname="com.test.CartTestCases" name="verifyDeleteProduct" time="0.0">
    <ignored/>
  </testcase> <!-- verifyDeleteProduct -->
  <testcase classname="com.test.DBTestCases" name="checkVideoPauseAboutUs" time="0.0">
    <ignored/>
  </testcase> <!-- checkVideoPauseAboutUs -->
</testsuite> <!-- Test -->
