<?xml version="1.0" encoding="UTF-8"?>
<testng-results ignored="0" total="20" passed="20" failed="0" skipped="0">
  <reporter-output>
  </reporter-output>
  <suite started-at="2023-02-22T13:36:43 IST" name="Default suite" finished-at="2023-02-22T13:37:33 IST" duration-ms="50633">
    <groups>
    </groups>
    <test started-at="2023-02-22T13:36:43 IST" name="Default test" finished-at="2023-02-22T13:37:33 IST" duration-ms="50633">
      <class name="com.test.HomePageTestCases">
        <test-method is-config="true" signature="setUp()[pri:0, instance:com.test.HomePageTestCases@7da10b5b]" started-at="2023-02-22T13:36:43 IST" name="setUp" finished-at="2023-02-22T13:36:50 IST" duration-ms="7106" status="PASS">
          <reporter-output>
          </reporter-output>
        </test-method> <!-- setUp -->
        <test-method signature="URL()[pri:1, instance:com.test.HomePageTestCases@7da10b5b]" started-at="2023-02-22T13:36:50 IST" name="URL" finished-at="2023-02-22T13:36:50 IST" duration-ms="191" status="PASS">
          <reporter-output>
          </reporter-output>
        </test-method> <!-- URL -->
        <test-method signature="signUp(java.lang.String,java.lang.String)[pri:2, instance:com.test.HomePageTestCases@7da10b5b]" started-at="2023-02-22T13:36:51 IST" name="signUp" data-provider="signUpDataProvider" finished-at="2023-02-22T13:36:54 IST" duration-ms="2127" status="PASS">
          <params>
            <param index="0">
              <value>
                <![CDATA[RahulKrishnan]]>
              </value>
            </param>
            <param index="1">
              <value>
                <![CDATA[Rhaul1245]]>
              </value>
            </param>
          </params>
          <reporter-output>
          </reporter-output>
        </test-method> <!-- signUp -->
        <test-method signature="login(java.lang.String,java.lang.String)[pri:3, instance:com.test.HomePageTestCases@7da10b5b]" started-at="2023-02-22T13:36:54 IST" name="login" data-provider="loginDataProvider" finished-at="2023-02-22T13:36:58 IST" duration-ms="3911" status="PASS">
          <params>
            <param index="0">
              <value>
                <![CDATA[RahulKrishnan]]>
              </value>
            </param>
            <param index="1">
              <value>
                <![CDATA[Rhaul1245]]>
              </value>
            </param>
          </params>
          <reporter-output>
          </reporter-output>
        </test-method> <!-- login -->
        <test-method signature="loginWithInvalidPassword(java.lang.String,java.lang.String)[pri:4, instance:com.test.HomePageTestCases@7da10b5b]" started-at="2023-02-22T13:36:58 IST" name="loginWithInvalidPassword" data-provider="loginDataProvider1" finished-at="2023-02-22T13:36:59 IST" duration-ms="1695" status="PASS">
          <params>
            <param index="0">
              <value>
                <![CDATA[RahulKrishnan]]>
              </value>
            </param>
            <param index="1">
              <value>
                <![CDATA[Rhaul1122]]>
              </value>
            </param>
          </params>
          <reporter-output>
          </reporter-output>
        </test-method> <!-- loginWithInvalidPassword -->
        <test-method signature="loginWithInvalidUserName(java.lang.String,java.lang.String)[pri:5, instance:com.test.HomePageTestCases@7da10b5b]" started-at="2023-02-22T13:36:59 IST" name="loginWithInvalidUserName" data-provider="loginDataProvider2" finished-at="2023-02-22T13:37:02 IST" duration-ms="2333" status="PASS">
          <params>
            <param index="0">
              <value>
                <![CDATA[RahulKri]]>
              </value>
            </param>
            <param index="1">
              <value>
                <![CDATA[Rhaul1122]]>
              </value>
            </param>
          </params>
          <reporter-output>
          </reporter-output>
        </test-method> <!-- loginWithInvalidUserName -->
        <test-method signature="loginWithInvalidUserNameandInvalidPassword(java.lang.String,java.lang.String)[pri:6, instance:com.test.HomePageTestCases@7da10b5b]" started-at="2023-02-22T13:37:02 IST" name="loginWithInvalidUserNameandInvalidPassword" data-provider="loginDataProvider3" finished-at="2023-02-22T13:37:04 IST" duration-ms="2514" status="PASS">
          <params>
            <param index="0">
              <value>
                <![CDATA[Ra]]>
              </value>
            </param>
            <param index="1">
              <value>
                <![CDATA[R122]]>
              </value>
            </param>
          </params>
          <reporter-output>
          </reporter-output>
        </test-method> <!-- loginWithInvalidUserNameandInvalidPassword -->
        <test-method signature="contact()[pri:7, instance:com.test.HomePageTestCases@7da10b5b]" started-at="2023-02-22T13:37:04 IST" name="contact" finished-at="2023-02-22T13:37:05 IST" duration-ms="1020" status="PASS">
          <reporter-output>
          </reporter-output>
        </test-method> <!-- contact -->
        <test-method signature="contactValidData(java.lang.String,java.lang.String,java.lang.String)[pri:8, instance:com.test.HomePageTestCases@7da10b5b]" started-at="2023-02-22T13:37:06 IST" name="contactValidData" data-provider="contactDataProvider" finished-at="2023-02-22T13:37:07 IST" duration-ms="1232" status="PASS">
          <params>
            <param index="0">
              <value>
                <![CDATA[arun31@gmail.com]]>
              </value>
            </param>
            <param index="1">
              <value>
                <![CDATA[Arun]]>
              </value>
            </param>
            <param index="2">
              <value>
                <![CDATA[good]]>
              </value>
            </param>
          </params>
          <reporter-output>
          </reporter-output>
        </test-method> <!-- contactValidData -->
        <test-method signature="lenthOfMessage(java.lang.String,java.lang.String,java.lang.String)[pri:9, instance:com.test.HomePageTestCases@7da10b5b]" started-at="2023-02-22T13:37:07 IST" name="lenthOfMessage" data-provider="contactDataProvider1" finished-at="2023-02-22T13:37:10 IST" duration-ms="2924" status="PASS">
          <params>
            <param index="0">
              <value>
                <![CDATA[arun31@gmail.com]]>
              </value>
            </param>
            <param index="1">
              <value>
                <![CDATA[Arun]]>
              </value>
            </param>
            <param index="2">
              <value>
                <![CDATA[adfsfj fsdjfsdfskdjf asdf sdfsdf jasdfsf asdfjskjnasdfasdfasdf asdjnasdfasd fasdfjkmasmd fasdfaksdfjaksdjfaksjldfhasdkfjnasdlf asdkfjasdfklasdjnfaskdfja;sdlkfmlddfk,]]>
              </value>
            </param>
          </params>
          <reporter-output>
          </reporter-output>
        </test-method> <!-- lenthOfMessage -->
        <test-method signature="home()[pri:10, instance:com.test.HomePageTestCases@7da10b5b]" started-at="2023-02-22T13:37:10 IST" name="home" finished-at="2023-02-22T13:37:14 IST" duration-ms="4281" status="PASS">
          <reporter-output>
          </reporter-output>
        </test-method> <!-- home -->
        <test-method signature="cart()[pri:11, instance:com.test.HomePageTestCases@7da10b5b]" started-at="2023-02-22T13:37:14 IST" name="cart" finished-at="2023-02-22T13:37:15 IST" duration-ms="1145" status="PASS">
          <reporter-output>
          </reporter-output>
        </test-method> <!-- cart -->
        <test-method signature="delectButton()[pri:12, instance:com.test.HomePageTestCases@7da10b5b]" started-at="2023-02-22T13:37:15 IST" name="delectButton" finished-at="2023-02-22T13:37:17 IST" duration-ms="1756" status="PASS">
          <reporter-output>
          </reporter-output>
        </test-method> <!-- delectButton -->
        <test-method signature="home2()[pri:13, instance:com.test.HomePageTestCases@7da10b5b]" started-at="2023-02-22T13:37:17 IST" name="home2" finished-at="2023-02-22T13:37:21 IST" duration-ms="4291" status="PASS">
          <reporter-output>
          </reporter-output>
        </test-method> <!-- home2 -->
        <test-method signature="cart2(java.lang.String,java.lang.String,java.lang.String,java.lang.String,java.lang.String,java.lang.String)[pri:14, instance:com.test.HomePageTestCases@7da10b5b]" started-at="2023-02-22T13:37:21 IST" name="cart2" data-provider="placeOrderDataProvider" finished-at="2023-02-22T13:37:26 IST" duration-ms="4422" status="PASS">
          <params>
            <param index="0">
              <value>
                <![CDATA[arun]]>
              </value>
            </param>
            <param index="1">
              <value>
                <![CDATA[india]]>
              </value>
            </param>
            <param index="2">
              <value>
                <![CDATA[kochi]]>
              </value>
            </param>
            <param index="3">
              <value>
                <![CDATA[12232.0]]>
              </value>
            </param>
            <param index="4">
              <value>
                <![CDATA[2.0]]>
              </value>
            </param>
            <param index="5">
              <value>
                <![CDATA[2002.0]]>
              </value>
            </param>
          </params>
          <reporter-output>
          </reporter-output>
        </test-method> <!-- cart2 -->
        <test-method signature="cart3(java.lang.String,java.lang.String,java.lang.String,java.lang.String,java.lang.String,java.lang.String)[pri:15, instance:com.test.HomePageTestCases@7da10b5b]" started-at="2023-02-22T13:37:26 IST" name="cart3" data-provider="placeOrderDataProvider1" finished-at="2023-02-22T13:37:30 IST" duration-ms="4081" status="PASS">
          <params>
            <param index="0">
              <value>
                <![CDATA[arun]]>
              </value>
            </param>
            <param index="1">
              <value>
                <![CDATA[india]]>
              </value>
            </param>
            <param index="2">
              <value>
                <![CDATA[…]]>
              </value>
            </param>
            <param index="3">
              <value>
                <![CDATA[..]]>
              </value>
            </param>
            <param index="4">
              <value>
                <![CDATA[2.0]]>
              </value>
            </param>
            <param index="5">
              <value>
                <![CDATA[2002.0]]>
              </value>
            </param>
          </params>
          <reporter-output>
          </reporter-output>
        </test-method> <!-- cart3 -->
        <test-method signature="aboutAs()[pri:16, instance:com.test.HomePageTestCases@7da10b5b]" started-at="2023-02-22T13:37:30 IST" name="aboutAs" finished-at="2023-02-22T13:37:31 IST" duration-ms="819" status="PASS">
          <reporter-output>
          </reporter-output>
        </test-method> <!-- aboutAs -->
        <test-method signature="aboutAs1()[pri:17, instance:com.test.HomePageTestCases@7da10b5b]" started-at="2023-02-22T13:37:31 IST" name="aboutAs1" finished-at="2023-02-22T13:37:32 IST" duration-ms="1215" status="PASS">
          <reporter-output>
          </reporter-output>
        </test-method> <!-- aboutAs1 -->
        <test-method signature="fullScreenVideo()[pri:18, instance:com.test.HomePageTestCases@7da10b5b]" started-at="2023-02-22T13:37:32 IST" name="fullScreenVideo" finished-at="2023-02-22T13:37:33 IST" duration-ms="1173" status="PASS">
          <reporter-output>
          </reporter-output>
        </test-method> <!-- fullScreenVideo -->
        <test-method signature="playButton()[pri:19, instance:com.test.HomePageTestCases@7da10b5b]" started-at="2023-02-22T13:37:33 IST" name="playButton" finished-at="2023-02-22T13:37:33 IST" duration-ms="174" status="PASS">
          <reporter-output>
          </reporter-output>
        </test-method> <!-- playButton -->
        <test-method signature="aboutUsCloseButton()[pri:20, instance:com.test.HomePageTestCases@7da10b5b]" started-at="2023-02-22T13:37:33 IST" name="aboutUsCloseButton" finished-at="2023-02-22T13:37:33 IST" duration-ms="75" status="PASS">
          <reporter-output>
          </reporter-output>
        </test-method> <!-- aboutUsCloseButton -->
      </class> <!-- com.test.HomePageTestCases -->
    </test> <!-- Default test -->
  </suite> <!-- Default suite -->
</testng-results>
