<?xml version="1.0" encoding="UTF-8"?>
<!-- Generated by org.testng.reporters.JUnitXMLReporter -->
<testsuite ignored="0" hostname="MR-WICK1" failures="0" tests="20" name="Default test" time="50.633" errors="0" timestamp="2023-02-22T13:37:33 IST">
  <testcase classname="com.test.HomePageTestCases" name="URL" time="0.191"/>
  <testcase classname="com.test.HomePageTestCases" name="signUp" time="2.127"/>
  <testcase classname="com.test.HomePageTestCases" name="login" time="3.911"/>
  <testcase classname="com.test.HomePageTestCases" name="loginWithInvalidPassword" time="1.695"/>
  <testcase classname="com.test.HomePageTestCases" name="loginWithInvalidUserName" time="2.333"/>
  <testcase classname="com.test.HomePageTestCases" name="loginWithInvalidUserNameandInvalidPassword" time="2.514"/>
  <testcase classname="com.test.HomePageTestCases" name="contact" time="1.02"/>
  <testcase classname="com.test.HomePageTestCases" name="contactValidData" time="1.232"/>
  <testcase classname="com.test.HomePageTestCases" name="lenthOfMessage" time="2.924"/>
  <testcase classname="com.test.HomePageTestCases" name="home" time="4.281"/>
  <testcase classname="com.test.HomePageTestCases" name="cart" time="1.145"/>
  <testcase classname="com.test.HomePageTestCases" name="delectButton" time="1.756"/>
  <testcase classname="com.test.HomePageTestCases" name="home2" time="4.291"/>
  <testcase classname="com.test.HomePageTestCases" name="cart2" time="4.422"/>
  <testcase classname="com.test.HomePageTestCases" name="cart3" time="4.081"/>
  <testcase classname="com.test.HomePageTestCases" name="aboutAs" time="0.819"/>
  <testcase classname="com.test.HomePageTestCases" name="aboutAs1" time="1.215"/>
  <testcase classname="com.test.HomePageTestCases" name="fullScreenVideo" time="1.173"/>
  <testcase classname="com.test.HomePageTestCases" name="playButton" time="0.174"/>
  <testcase classname="com.test.HomePageTestCases" name="aboutUsCloseButton" time="0.075"/>
</testsuite> <!-- Default test -->
