<?xml version="1.0" encoding="UTF-8"?>
<!-- Generated by org.testng.reporters.JUnitXMLReporter -->
<testsuite ignored="20" hostname="DESKTOP-DHO6E3E" failures="0" tests="1" name="Test" time="12.101" errors="0" timestamp="2023-02-14T13:26:19 IST">
  <testcase classname="com.test.TestCases" name="ClickOnLaptop" time="2.277"/>
  <testcase classname="com.test.TestCases" name="PlaceOrderDetailsFillUp" time="0.0">
    <ignored/>
  </testcase> <!-- PlaceOrderDetailsFillUp -->
  <testcase classname="com.test.TestCases" name="signupWithExistingUsernameAndPassword" time="0.0">
    <ignored/>
  </testcase> <!-- signupWithExistingUsernameAndPassword -->
  <testcase classname="com.test.TestCases" name="SelectingCategories" time="0.0">
    <ignored/>
  </testcase> <!-- SelectingCategories -->
  <testcase classname="com.test.TestCases" name="PlaceOrderButtonClick" time="0.0">
    <ignored/>
  </testcase> <!-- PlaceOrderButtonClick -->
  <testcase classname="com.test.TestCases" name="URLAccess" time="0.0">
    <ignored/>
  </testcase> <!-- URLAccess -->
  <testcase classname="com.test.TestCases" name="AboutUsCloseButtonFunctionality" time="0.0">
    <ignored/>
  </testcase> <!-- AboutUsCloseButtonFunctionality -->
  <testcase classname="com.test.TestCases" name="SignUpWithPasswordOnly" time="0.0">
    <ignored/>
  </testcase> <!-- SignUpWithPasswordOnly -->
  <testcase classname="com.test.TestCases" name="ContactButtonClick" time="0.0">
    <ignored/>
  </testcase> <!-- ContactButtonClick -->
  <testcase classname="com.test.TestCases" name="SignUpWithUserNameOnly" time="0.0">
    <ignored/>
  </testcase> <!-- SignUpWithUserNameOnly -->
  <testcase classname="com.test.TestCases" name="LoginWithValidUserNameAndPassword" time="0.0">
    <ignored/>
  </testcase> <!-- LoginWithValidUserNameAndPassword -->
  <testcase classname="com.test.TestCases" name="ContactByGivingInvalidData" time="0.0">
    <ignored/>
  </testcase> <!-- ContactByGivingInvalidData -->
  <testcase classname="com.test.TestCases" name="LoginWithInvalidUserNameAndInvalidPassword" time="0.0">
    <ignored/>
  </testcase> <!-- LoginWithInvalidUserNameAndInvalidPassword -->
  <testcase classname="com.test.TestCases" name="CartPageAccess" time="0.0">
    <ignored/>
  </testcase> <!-- CartPageAccess -->
  <testcase classname="com.test.TestCases" name="LoginWithValidUserNameAndInvalidPassword" time="0.0">
    <ignored/>
  </testcase> <!-- LoginWithValidUserNameAndInvalidPassword -->
  <testcase classname="com.test.TestCases" name="PlayButtonFunctionality" time="0.0">
    <ignored/>
  </testcase> <!-- PlayButtonFunctionality -->
  <testcase classname="com.test.TestCases" name="ContactByGivingValidData" time="0.0">
    <ignored/>
  </testcase> <!-- ContactByGivingValidData -->
  <testcase classname="com.test.TestCases" name="ClickOnMonitor" time="0.0">
    <ignored/>
  </testcase> <!-- ClickOnMonitor -->
  <testcase classname="com.test.TestCases" name="AddToCart" time="0.0">
    <ignored/>
  </testcase> <!-- AddToCart -->
  <testcase classname="com.test.TestCases" name="AboutUsButtonClick" time="0.0">
    <ignored/>
  </testcase> <!-- AboutUsButtonClick -->
  <testcase classname="com.test.TestCases" name="LoginWithInvalidUserNameAndValidPassword" time="0.0">
    <ignored/>
  </testcase> <!-- LoginWithInvalidUserNameAndValidPassword -->
</testsuite> <!-- Test -->
